{
  "Cucumber Features": {
    "coverage": {
      "/Users/chieh-fu/Desktop/TAMUber/app/controllers/homepage_controller.rb": [
        1,
        null,
        1,
        null,
        null,
        null,
        null
      ],
      "/Users/chieh-fu/Desktop/TAMUber/app/controllers/application_controller.rb": [
        1,
        null
      ],
      "/Users/chieh-fu/Desktop/TAMUber/app/helpers/application_helper.rb": [
        1,
        null
      ],
      "/Users/chieh-fu/Desktop/TAMUber/app/helpers/vehicles_helper.rb": [
        1,
        null
      ],
      "/Users/chieh-fu/Desktop/TAMUber/app/controllers/administrators_controller.rb": [
        1,
        1,
        null,
        1,
        3,
        null,
        null,
        1,
        2,
        null,
        null,
        1,
        6,
        null,
        null,
        1,
        null,
        null,
        1,
        0,
        0,
        null,
        null,
        1,
        1,
        1,
        1,
        null,
        null,
        1,
        1,
        null,
        null,
        1,
        1,
        1,
        1,
        null,
        null,
        1,
        1,
        1,
        1,
        null,
        null
      ],
      "/Users/chieh-fu/Desktop/TAMUber/app/models/administrator.rb": [
        1,
        null
      ],
      "/Users/chieh-fu/Desktop/TAMUber/app/models/application_record.rb": [
        1,
        1,
        null
      ],
      "/Users/chieh-fu/Desktop/TAMUber/app/controllers/vehicles_controller.rb": [
        1,
        1,
        null,
        1,
        3,
        null,
        null,
        1,
        2,
        null,
        null,
        1,
        6,
        null,
        null,
        1,
        null,
        null,
        1,
        0,
        0,
        null,
        null,
        1,
        1,
        1,
        1,
        null,
        null,
        1,
        1,
        null,
        null,
        1,
        1,
        1,
        1,
        null,
        null,
        1,
        1,
        1,
        1,
        null,
        null
      ],
      "/Users/chieh-fu/Desktop/TAMUber/app/models/vehicle.rb": [
        1,
        null
      ],
      "/Users/chieh-fu/Desktop/TAMUber/app/mailers/application_mailer.rb": [
        0,
        0,
        0,
        0
      ],
      "/Users/chieh-fu/Desktop/TAMUber/app/models/homepage.rb": [
        0,
        0
      ],
      "/Users/chieh-fu/Desktop/TAMUber/app/jobs/application_job.rb": [
        0,
        0
      ],
      "/Users/chieh-fu/Desktop/TAMUber/app/channels/application_cable/connection.rb": [
        0,
        0,
        0,
        0
      ],
      "/Users/chieh-fu/Desktop/TAMUber/app/channels/application_cable/channel.rb": [
        0,
        0,
        0,
        0
      ]
    },
    "timestamp": 1541481777
  },
  "RSpec": {
    "coverage": {
      "/Users/chieh-fu/Desktop/TAMUber/app/helpers/application_helper.rb": [
        1,
        null
      ],
      "/Users/chieh-fu/Desktop/TAMUber/app/helpers/vehicles_helper.rb": [
        1,
        null
      ],
      "/Users/chieh-fu/Desktop/TAMUber/app/controllers/vehicles_controller.rb": [
        1,
        1,
        null,
        1,
        7,
        null,
        null,
        1,
        7,
        null,
        null,
        1,
        1,
        null,
        null,
        1,
        null,
        null,
        1,
        0,
        0,
        null,
        null,
        1,
        3,
        3,
        3,
        null,
        null,
        1,
        0,
        null,
        null,
        1,
        4,
        4,
        4,
        null,
        null,
        1,
        3,
        3,
        3,
        null,
        null
      ],
      "/Users/chieh-fu/Desktop/TAMUber/app/controllers/application_controller.rb": [
        1,
        null
      ],
      "/Users/chieh-fu/Desktop/TAMUber/app/models/vehicle.rb": [
        1,
        null
      ],
      "/Users/chieh-fu/Desktop/TAMUber/app/models/application_record.rb": [
        1,
        1,
        null
      ],
      "/Users/chieh-fu/Desktop/TAMUber/app/mailers/application_mailer.rb": [
        0,
        0,
        0,
        0
      ],
      "/Users/chieh-fu/Desktop/TAMUber/app/models/homepage.rb": [
        0,
        0
      ],
      "/Users/chieh-fu/Desktop/TAMUber/app/models/administrator.rb": [
        0,
        0
      ],
      "/Users/chieh-fu/Desktop/TAMUber/app/jobs/application_job.rb": [
        0,
        0
      ],
      "/Users/chieh-fu/Desktop/TAMUber/app/controllers/homepage_controller.rb": [
        0,
        null,
        0,
        null,
        0,
        null,
        0
      ],
      "/Users/chieh-fu/Desktop/TAMUber/app/controllers/Administrators_controller.rb": [
        0,
        0,
        null,
        0,
        0,
        0,
        null,
        0,
        0,
        0,
        null,
        0,
        0,
        0,
        null,
        0,
        0,
        null,
        0,
        0,
        0,
        0,
        null,
        0,
        0,
        0,
        0,
        0,
        null,
        0,
        0,
        0,
        null,
        0,
        0,
        0,
        0,
        0,
        null,
        0,
        0,
        0,
        0,
        0,
        0
      ],
      "/Users/chieh-fu/Desktop/TAMUber/app/channels/application_cable/connection.rb": [
        0,
        0,
        0,
        0
      ],
      "/Users/chieh-fu/Desktop/TAMUber/app/channels/application_cable/channel.rb": [
        0,
        0,
        0,
        0
      ]
    },
    "timestamp": 1541479793
  }
}
