{
  "Cucumber Features": {
    "coverage": {
      "/Users/chieh-fu/Desktop/CSCE625/app/controllers/vehicles_controller.rb": [
        1,
        1,
        null,
        1,
        1,
        null,
        null,
        1,
        1,
        null,
        null,
        1,
        3,
        null,
        null,
        1,
        null,
        null,
        1,
        null,
        null,
        1,
        1,
        1,
        1,
        null,
        null,
        1,
        null,
        null,
        1,
        0,
        0,
        0,
        null,
        null,
        1,
        1,
        1,
        1,
        null,
        null
      ],
      "/Users/chieh-fu/Desktop/CSCE625/app/controllers/application_controller.rb": [
        1,
        null
      ],
      "/Users/chieh-fu/Desktop/CSCE625/app/helpers/application_helper.rb": [
        1,
        null
      ],
      "/Users/chieh-fu/Desktop/CSCE625/app/helpers/vehicles_helper.rb": [
        1,
        null
      ],
      "/Users/chieh-fu/Desktop/CSCE625/app/models/vehicle.rb": [
        1,
        null
      ],
      "/Users/chieh-fu/Desktop/CSCE625/app/models/application_record.rb": [
        1,
        1,
        null
      ],
      "/Users/chieh-fu/Desktop/CSCE625/app/mailers/application_mailer.rb": [
        0,
        0,
        0,
        0
      ],
      "/Users/chieh-fu/Desktop/CSCE625/app/jobs/application_job.rb": [
        0,
        0
      ],
      "/Users/chieh-fu/Desktop/CSCE625/app/channels/application_cable/connection.rb": [
        0,
        0,
        0,
        0
      ],
      "/Users/chieh-fu/Desktop/CSCE625/app/channels/application_cable/channel.rb": [
        0,
        0,
        0,
        0
      ]
    },
    "timestamp": 1540357160
  },
  "RSpec": {
    "coverage": {
      "/Users/amychien/Desktop/SE/TAMUber_new/app/helpers/application_helper.rb": [
        1,
        null
      ],
      "/Users/amychien/Desktop/SE/TAMUber_new/app/helpers/vehicles_helper.rb": [
        1,
        null
      ],
      "/Users/amychien/Desktop/SE/TAMUber_new/app/controllers/vehicles_controller.rb": [
        1,
        1,
        null,
        1,
        7,
        null,
        null,
        1,
        7,
        null,
        null,
        1,
        1,
        null,
        null,
        1,
        null,
        null,
        1,
        0,
        0,
        null,
        null,
        1,
        3,
        3,
        3,
        null,
        null,
        1,
        0,
        null,
        null,
        1,
        4,
        4,
        4,
        null,
        null,
        1,
        3,
        3,
        3,
        null,
        null
      ],
      "/Users/amychien/Desktop/SE/TAMUber_new/app/controllers/application_controller.rb": [
        1,
        null
      ],
      "/Users/amychien/Desktop/SE/TAMUber_new/app/models/vehicle.rb": [
        1,
        null
      ],
      "/Users/amychien/Desktop/SE/TAMUber_new/app/models/application_record.rb": [
        1,
        1,
        null
      ],
      "/Users/amychien/Desktop/SE/TAMUber_new/app/mailers/application_mailer.rb": [
        0,
        0,
        0,
        0
      ],
      "/Users/amychien/Desktop/SE/TAMUber_new/app/jobs/application_job.rb": [
        0,
        0
      ],
      "/Users/amychien/Desktop/SE/TAMUber_new/app/channels/application_cable/connection.rb": [
        0,
        0,
        0,
        0
      ],
      "/Users/amychien/Desktop/SE/TAMUber_new/app/channels/application_cable/channel.rb": [
        0,
        0,
        0,
        0
      ]
    },
    "timestamp": 1540410587
  }
}
